info: Server started at http://localhost:5000/api/v1/ {"timestamp":"2022-12-26T18:37:21.120Z"}
info: Connected to the database. {"timestamp":"2022-12-26T18:37:21.379Z"}
info: Connected to the database. {"timestamp":"2022-12-26T18:38:16.205Z"}
info: Connected to the database. {"timestamp":"2022-12-26T18:38:20.339Z"}
info: Connected to the database. {"timestamp":"2022-12-26T18:38:31.401Z"}
info: Connected to the database. {"timestamp":"2022-12-26T18:38:37.792Z"}
info: Server started at http://localhost:5000/api/v1/ {"timestamp":"2022-12-26T18:38:44.050Z"}
info: Connected to the database. {"timestamp":"2022-12-26T18:38:44.117Z"}
info: Server started at http://localhost:5000/api/v1/ {"timestamp":"2022-12-26T18:38:47.268Z"}
info: Connected to the database. {"timestamp":"2022-12-26T18:38:47.336Z"}
info: Server started at http://localhost:5000/api/v1/ {"timestamp":"2022-12-26T18:38:54.301Z"}
info: Connected to the database. {"timestamp":"2022-12-26T18:38:54.395Z"}
info: Server started at http://localhost:5000/api/v1/ {"timestamp":"2022-12-26T18:39:06.609Z"}
info: Connected to the database. {"timestamp":"2022-12-26T18:39:06.674Z"}
info: Server started at http://localhost:5000/api/v1/ {"timestamp":"2022-12-26T18:39:11.334Z"}
info: Connected to the database. {"timestamp":"2022-12-26T18:39:11.407Z"}
info: Server started at http://localhost:5000/api/v1/ {"timestamp":"2022-12-26T18:39:18.000Z"}
info: Connected to the database. {"timestamp":"2022-12-26T18:39:18.073Z"}
info: Connected to the database. {"timestamp":"2022-12-26T18:39:21.639Z"}
info: Server started at http://localhost:5000/api/v1/ {"timestamp":"2022-12-26T18:39:25.728Z"}
info: Connected to the database. {"timestamp":"2022-12-26T18:39:25.803Z"}
info: Server started at http://localhost:5000/api/v1/ {"timestamp":"2022-12-26T18:39:31.692Z"}
info: Connected to the database. {"timestamp":"2022-12-26T18:39:31.802Z"}
info: Server started at http://localhost:5000/api/v1/ {"timestamp":"2022-12-26T18:39:39.314Z"}
info: Connected to the database. {"timestamp":"2022-12-26T18:39:39.397Z"}
info: Server started at http://localhost:5000/api/v1/ {"timestamp":"2022-12-26T18:45:51.327Z"}
info: Connected to the database. {"timestamp":"2022-12-26T18:45:51.396Z"}
info: Server started at http://localhost:5000/api/v1/ {"timestamp":"2022-12-26T18:45:54.383Z"}
info: Connected to the database. {"timestamp":"2022-12-26T18:45:54.465Z"}
info: Server started at http://localhost:5000/api/v1/ {"timestamp":"2022-12-26T18:46:56.469Z"}
info: Connected to the database. {"timestamp":"2022-12-26T18:46:56.531Z"}
info: Server started at http://localhost:5000/api/v1/ {"timestamp":"2022-12-26T18:48:00.988Z"}
info: Connected to the database. {"timestamp":"2022-12-26T18:48:01.086Z"}
info: Server started at http://localhost:5000/api/v1/ {"timestamp":"2022-12-26T18:49:01.058Z"}
info: Connected to the database. {"timestamp":"2022-12-26T18:49:01.105Z"}
info: Server started at http://localhost:5000/api/v1/ {"timestamp":"2022-12-27T03:43:55.477Z"}
info: Connected to the database. {"timestamp":"2022-12-27T03:43:55.875Z"}
info: Server started at http://localhost:5000/api/v1/ {"timestamp":"2022-12-27T03:45:26.440Z"}
info: Connected to the database. {"timestamp":"2022-12-27T03:45:26.510Z"}
info: Server started at http://localhost:5000/api/v1/ {"timestamp":"2022-12-27T03:46:50.964Z"}
info: Connected to the database. {"timestamp":"2022-12-27T03:46:51.054Z"}
info: Server started at http://localhost:5000/api/v1/ {"timestamp":"2022-12-27T03:47:46.972Z"}
info: Connected to the database. {"timestamp":"2022-12-27T03:47:47.098Z"}
info: Server started at http://localhost:5000/api/v1/ {"timestamp":"2022-12-27T03:48:02.569Z"}
info: Connected to the database. {"timestamp":"2022-12-27T03:48:02.771Z"}
info: Server started at http://localhost:5000/api/v1/ {"timestamp":"2022-12-27T03:49:52.340Z"}
info: Connected to the database. {"timestamp":"2022-12-27T03:49:52.416Z"}
info: Server started at http://localhost:5000/api/v1/ {"timestamp":"2022-12-27T03:49:56.405Z"}
info: Connected to the database. {"timestamp":"2022-12-27T03:49:56.496Z"}
info: Server started at http://localhost:5000/api/v1/ {"timestamp":"2022-12-27T03:50:02.653Z"}
info: Connected to the database. {"timestamp":"2022-12-27T03:50:02.717Z"}
info: Server started at http://localhost:5000/api/v1/ {"timestamp":"2022-12-27T03:50:38.417Z"}
info: Connected to the database. {"timestamp":"2022-12-27T03:50:38.503Z"}
info: Server started at http://localhost:5000/api/v1/ {"timestamp":"2022-12-27T03:50:49.263Z"}
info: Connected to the database. {"timestamp":"2022-12-27T03:50:49.369Z"}
info: Server started at http://localhost:5000/api/v1/ {"timestamp":"2022-12-27T03:50:56.891Z"}
info: Connected to the database. {"timestamp":"2022-12-27T03:50:56.971Z"}
info: Server started at http://localhost:5000/api/v1/ {"timestamp":"2022-12-27T03:51:08.453Z"}
info: Connected to the database. {"timestamp":"2022-12-27T03:51:08.541Z"}
info: Connected to the database. {"timestamp":"2022-12-27T03:51:19.462Z"}
info: Connected to the database. {"timestamp":"2022-12-27T03:51:32.067Z"}
info: Server started at http://localhost:5000/api/v1/ {"timestamp":"2022-12-27T03:51:47.563Z"}
info: Connected to the database. {"timestamp":"2022-12-27T03:51:47.653Z"}
info: Server started at http://localhost:5000/api/v1/ {"timestamp":"2022-12-27T03:52:02.447Z"}
info: Connected to the database. {"timestamp":"2022-12-27T03:52:02.568Z"}
info: Server started at http://localhost:5000/api/v1/ {"timestamp":"2022-12-27T03:52:26.380Z"}
info: Connected to the database. {"timestamp":"2022-12-27T03:52:26.471Z"}
info: Server started at http://localhost:5000/api/v1/ {"timestamp":"2022-12-27T03:52:33.921Z"}
info: Connected to the database. {"timestamp":"2022-12-27T03:52:34.018Z"}
info: Connected to the database. {"timestamp":"2022-12-27T03:53:27.478Z"}
info: Server started at http://localhost:5000/api/v1/ {"timestamp":"2022-12-27T03:53:36.172Z"}
info: Connected to the database. {"timestamp":"2022-12-27T03:53:36.273Z"}
info: Server started at http://localhost:5000/api/v1/ {"timestamp":"2022-12-27T03:53:47.622Z"}
info: Connected to the database. {"timestamp":"2022-12-27T03:53:47.714Z"}
error: 
    status - 500 
    message - ValidationError: "emp_city" length must be at least 8 characters long 
    url - /api/v1/employees 
    method - POST 
    IP - ::1
   {"timestamp":"2022-12-27T10:23:07.476Z"}
error: 
    status - 500 
    message - ValidationError: "emp_address" length must be at least 8 characters long 
    url - /api/v1/employees 
    method - POST 
    IP - ::1
   {"timestamp":"2022-12-27T10:45:55.164Z"}
error: 
    status - 500 
    message - ValidationError: "emp_city" length must be at least 8 characters long 
    url - /api/v1/employees 
    method - POST 
    IP - ::1
   {"timestamp":"2022-12-27T10:46:24.263Z"}
info: Server started at http://localhost:5000/api/v1/ {"timestamp":"2022-12-27T10:57:00.267Z"}
info: Connected to the database. {"timestamp":"2022-12-27T10:57:00.521Z"}
info: Server started at http://localhost:5000/api/v1/ {"timestamp":"2022-12-27T10:57:07.263Z"}
info: Connected to the database. {"timestamp":"2022-12-27T10:57:07.328Z"}
info: Connected to the database. {"timestamp":"2022-12-27T10:57:37.084Z"}
info: Connected to the database. {"timestamp":"2022-12-27T10:57:49.987Z"}
info: Server started at http://localhost:5000/api/v1/ {"timestamp":"2022-12-27T10:57:52.484Z"}
info: Connected to the database. {"timestamp":"2022-12-27T10:57:52.548Z"}
info: Connected to the database. {"timestamp":"2022-12-27T10:57:55.398Z"}
info: Connected to the database. {"timestamp":"2022-12-27T10:58:02.269Z"}
info: Server started at http://localhost:5000/api/v1/ {"timestamp":"2022-12-27T10:58:11.684Z"}
info: Connected to the database. {"timestamp":"2022-12-27T10:58:11.758Z"}
info: Server started at http://localhost:5000/api/v1/ {"timestamp":"2022-12-27T10:58:20.691Z"}
info: Connected to the database. {"timestamp":"2022-12-27T10:58:20.765Z"}
info: Server started at http://localhost:5000/api/v1/ {"timestamp":"2022-12-27T10:58:27.692Z"}
info: Connected to the database. {"timestamp":"2022-12-27T10:58:27.763Z"}
info: Server started at http://localhost:5000/api/v1/ {"timestamp":"2022-12-27T10:58:32.944Z"}
info: Connected to the database. {"timestamp":"2022-12-27T10:58:33.045Z"}
info: Server started at http://localhost:5000/api/v1/ {"timestamp":"2022-12-27T11:00:41.131Z"}
info: Connected to the database. {"timestamp":"2022-12-27T11:00:41.203Z"}
info: Connected to the database. {"timestamp":"2022-12-27T11:00:45.478Z"}
info: Connected to the database. {"timestamp":"2022-12-27T11:00:49.701Z"}
info: Connected to the database. {"timestamp":"2022-12-27T11:00:53.786Z"}
info: Connected to the database. {"timestamp":"2022-12-27T11:00:59.745Z"}
info: Server started at http://localhost:5000/api/v1/ {"timestamp":"2022-12-27T11:01:05.481Z"}
info: Connected to the database. {"timestamp":"2022-12-27T11:01:05.544Z"}
info: Connected to the database. {"timestamp":"2022-12-27T11:01:09.636Z"}
info: Connected to the database. {"timestamp":"2022-12-27T11:01:12.954Z"}
info: Server started at http://localhost:5000/api/v1/ {"timestamp":"2022-12-27T11:01:19.546Z"}
info: Connected to the database. {"timestamp":"2022-12-27T11:01:19.622Z"}
info: Server started at http://localhost:5000/api/v1/ {"timestamp":"2022-12-27T11:01:27.785Z"}
info: Connected to the database. {"timestamp":"2022-12-27T11:01:27.864Z"}
info: Server started at http://localhost:5000/api/v1/ {"timestamp":"2022-12-27T11:01:31.841Z"}
info: Connected to the database. {"timestamp":"2022-12-27T11:01:31.911Z"}
info: Server started at http://localhost:5000/api/v1/ {"timestamp":"2022-12-27T11:01:39.680Z"}
info: Connected to the database. {"timestamp":"2022-12-27T11:01:39.753Z"}
info: Server started at http://localhost:5000/api/v1/ {"timestamp":"2022-12-27T11:01:59.576Z"}
info: Connected to the database. {"timestamp":"2022-12-27T11:01:59.653Z"}
info: Server started at http://localhost:5000/api/v1/ {"timestamp":"2022-12-27T11:09:41.509Z"}
info: Connected to the database. {"timestamp":"2022-12-27T11:09:41.582Z"}
info: Server started at http://localhost:5000/api/v1/ {"timestamp":"2022-12-27T11:09:46.265Z"}
info: Connected to the database. {"timestamp":"2022-12-27T11:09:46.324Z"}
info: Server started at http://localhost:5000/api/v1/ {"timestamp":"2022-12-27T11:10:02.719Z"}
info: Connected to the database. {"timestamp":"2022-12-27T11:10:02.783Z"}
info: Server started at http://localhost:5000/api/v1/ {"timestamp":"2022-12-27T11:10:11.439Z"}
info: Connected to the database. {"timestamp":"2022-12-27T11:10:11.522Z"}
info: Server started at http://localhost:5000/api/v1/ {"timestamp":"2022-12-27T11:10:17.861Z"}
info: Connected to the database. {"timestamp":"2022-12-27T11:10:17.922Z"}
info: Server started at http://localhost:5000/api/v1/ {"timestamp":"2022-12-27T11:10:20.995Z"}
info: Connected to the database. {"timestamp":"2022-12-27T11:10:21.060Z"}
info: Server started at http://localhost:5000/api/v1/ {"timestamp":"2022-12-27T11:10:24.906Z"}
info: Connected to the database. {"timestamp":"2022-12-27T11:10:24.969Z"}
info: Server started at http://localhost:5000/api/v1/ {"timestamp":"2022-12-27T11:10:28.305Z"}
info: Connected to the database. {"timestamp":"2022-12-27T11:10:28.367Z"}
info: Connected to the database. {"timestamp":"2022-12-27T11:10:34.601Z"}
info: Server started at http://localhost:5000/api/v1/ {"timestamp":"2022-12-27T11:10:43.068Z"}
info: Connected to the database. {"timestamp":"2022-12-27T11:10:43.149Z"}
info: Server started at http://localhost:5000/api/v1/ {"timestamp":"2022-12-27T11:10:55.389Z"}
info: Connected to the database. {"timestamp":"2022-12-27T11:10:55.459Z"}
info: Server started at http://localhost:5000/api/v1/ {"timestamp":"2022-12-27T11:11:23.546Z"}
info: Connected to the database. {"timestamp":"2022-12-27T11:11:23.612Z"}
info: Server started at http://localhost:5000/api/v1/ {"timestamp":"2022-12-27T11:11:26.467Z"}
info: Connected to the database. {"timestamp":"2022-12-27T11:11:26.527Z"}
info: Server started at http://localhost:5000/api/v1/ {"timestamp":"2022-12-27T11:11:29.839Z"}
info: Connected to the database. {"timestamp":"2022-12-27T11:11:29.902Z"}
info: Server started at http://localhost:5000/api/v1/ {"timestamp":"2022-12-27T11:11:34.763Z"}
info: Connected to the database. {"timestamp":"2022-12-27T11:11:34.830Z"}
info: Connected to the database. {"timestamp":"2022-12-27T11:11:44.541Z"}
info: Connected to the database. {"timestamp":"2022-12-27T11:11:48.463Z"}
info: Connected to the database. {"timestamp":"2022-12-27T11:11:51.876Z"}
info: Connected to the database. {"timestamp":"2022-12-27T11:11:55.816Z"}
info: Server started at http://localhost:5000/api/v1/ {"timestamp":"2022-12-27T11:11:59.894Z"}
info: Connected to the database. {"timestamp":"2022-12-27T11:11:59.971Z"}
info: Connected to the database. {"timestamp":"2022-12-27T11:12:12.559Z"}
info: Connected to the database. {"timestamp":"2022-12-27T11:12:16.057Z"}
info: Connected to the database. {"timestamp":"2022-12-27T11:12:21.275Z"}
info: Server started at http://localhost:5000/api/v1/ {"timestamp":"2022-12-27T11:12:31.040Z"}
info: Connected to the database. {"timestamp":"2022-12-27T11:12:31.124Z"}
info: Server started at http://localhost:5000/api/v1/ {"timestamp":"2022-12-27T11:22:13.358Z"}
info: Connected to the database. {"timestamp":"2022-12-27T11:22:13.417Z"}
info: Server started at http://localhost:5000/api/v1/ {"timestamp":"2022-12-27T11:22:21.994Z"}
info: Connected to the database. {"timestamp":"2022-12-27T11:22:22.074Z"}
info: Server started at http://localhost:5000/api/v1/ {"timestamp":"2022-12-27T11:22:36.630Z"}
info: Connected to the database. {"timestamp":"2022-12-27T11:22:36.707Z"}
info: Server started at http://localhost:5000/api/v1/ {"timestamp":"2022-12-27T11:22:59.382Z"}
info: Connected to the database. {"timestamp":"2022-12-27T11:22:59.440Z"}
info: Server started at http://localhost:5000/api/v1/ {"timestamp":"2022-12-27T11:23:17.759Z"}
info: Connected to the database. {"timestamp":"2022-12-27T11:23:17.802Z"}
info: Server started at http://localhost:5000/api/v1/ {"timestamp":"2022-12-27T11:23:26.107Z"}
info: Connected to the database. {"timestamp":"2022-12-27T11:23:26.150Z"}
info: Server started at http://localhost:5000/api/v1/ {"timestamp":"2022-12-27T11:31:04.263Z"}
info: Server started at http://localhost:5000/api/v1/ {"timestamp":"2022-12-27T11:31:07.102Z"}
info: Connected to the database. {"timestamp":"2022-12-27T11:31:07.163Z"}
info: Connected to the database. {"timestamp":"2022-12-27T11:31:11.741Z"}
info: Connected to the database. {"timestamp":"2022-12-27T11:31:15.853Z"}
info: Server started at http://localhost:5000/api/v1/ {"timestamp":"2022-12-27T11:31:24.836Z"}
info: Connected to the database. {"timestamp":"2022-12-27T11:31:24.894Z"}
info: Server started at http://localhost:5000/api/v1/ {"timestamp":"2022-12-27T11:31:27.796Z"}
info: Connected to the database. {"timestamp":"2022-12-27T11:31:27.845Z"}
info: Server started at http://localhost:5000/api/v1/ {"timestamp":"2022-12-27T11:31:32.005Z"}
info: Connected to the database. {"timestamp":"2022-12-27T11:31:32.057Z"}
info: Server started at http://localhost:5000/api/v1/ {"timestamp":"2022-12-27T11:36:04.808Z"}
info: Connected to the database. {"timestamp":"2022-12-27T11:36:04.862Z"}
info: Server started at http://localhost:5000/api/v1/ {"timestamp":"2022-12-27T11:37:57.893Z"}
info: Connected to the database. {"timestamp":"2022-12-27T11:37:57.938Z"}
info: Server started at http://localhost:5000/api/v1/ {"timestamp":"2022-12-27T11:46:49.171Z"}
info: Connected to the database. {"timestamp":"2022-12-27T11:46:49.523Z"}
