info: Server started at http://localhost:5000/api/v1/ {"timestamp":"2022-12-28T18:38:18.549Z"}
info: Connected to the database. {"timestamp":"2022-12-28T18:38:18.650Z"}
info: Server started at http://localhost:5000/api/v1/ {"timestamp":"2022-12-28T18:40:59.901Z"}
info: Connected to the database. {"timestamp":"2022-12-28T18:40:59.967Z"}
info: Server started at http://localhost:5000/api/v1/ {"timestamp":"2022-12-28T18:41:08.048Z"}
info: Connected to the database. {"timestamp":"2022-12-28T18:41:08.121Z"}
info: Server started at http://localhost:5000/api/v1/ {"timestamp":"2022-12-28T18:41:40.112Z"}
info: Connected to the database. {"timestamp":"2022-12-28T18:41:40.176Z"}
info: Server started at http://localhost:5000/api/v1/ {"timestamp":"2022-12-28T18:41:45.042Z"}
info: Connected to the database. {"timestamp":"2022-12-28T18:41:45.103Z"}
info: Server started at http://localhost:5000/api/v1/ {"timestamp":"2022-12-28T18:41:51.095Z"}
info: Connected to the database. {"timestamp":"2022-12-28T18:41:51.158Z"}
info: Server started at http://localhost:5000/api/v1/ {"timestamp":"2022-12-28T18:42:29.099Z"}
info: Connected to the database. {"timestamp":"2022-12-28T18:42:29.155Z"}
info: Server started at http://localhost:5000/api/v1/ {"timestamp":"2022-12-28T18:42:36.502Z"}
info: Connected to the database. {"timestamp":"2022-12-28T18:42:36.571Z"}
info: Server started at http://localhost:5000/api/v1/ {"timestamp":"2022-12-28T18:42:49.661Z"}
info: Connected to the database. {"timestamp":"2022-12-28T18:42:49.750Z"}
info: Server started at http://localhost:5000/api/v1/ {"timestamp":"2022-12-28T18:44:50.461Z"}
info: Connected to the database. {"timestamp":"2022-12-28T18:44:50.552Z"}
info: Connected to the database. {"timestamp":"2022-12-28T18:44:59.787Z"}
info: Server started at http://localhost:5000/api/v1/ {"timestamp":"2022-12-28T18:45:04.342Z"}
info: Connected to the database. {"timestamp":"2022-12-28T18:45:04.402Z"}
info: Server started at http://localhost:5000/api/v1/ {"timestamp":"2022-12-28T18:45:24.553Z"}
info: Connected to the database. {"timestamp":"2022-12-28T18:45:24.623Z"}
info: Server started at http://localhost:5000/api/v1/ {"timestamp":"2022-12-28T18:45:43.025Z"}
info: Connected to the database. {"timestamp":"2022-12-28T18:45:43.080Z"}
info: Connected to the database. {"timestamp":"2022-12-28T18:45:48.245Z"}
info: Server started at http://localhost:5000/api/v1/ {"timestamp":"2022-12-28T18:45:54.495Z"}
info: Connected to the database. {"timestamp":"2022-12-28T18:45:54.544Z"}
info: Server started at http://localhost:5000/api/v1/ {"timestamp":"2022-12-28T18:48:49.693Z"}
info: Connected to the database. {"timestamp":"2022-12-28T18:48:49.776Z"}
info: Server started at http://localhost:5000/api/v1/ {"timestamp":"2022-12-28T18:54:29.217Z"}
info: Connected to the database. {"timestamp":"2022-12-28T18:54:29.295Z"}
info: Server started at http://localhost:5000/api/v1/ {"timestamp":"2022-12-28T18:54:45.390Z"}
info: Connected to the database. {"timestamp":"2022-12-28T18:54:45.437Z"}
info: Server started at http://localhost:5000/api/v1/ {"timestamp":"2022-12-28T19:01:35.405Z"}
info: Connected to the database. {"timestamp":"2022-12-28T19:01:35.483Z"}
info: Server started at http://localhost:5000/api/v1/ {"timestamp":"2022-12-28T19:01:49.828Z"}
info: Connected to the database. {"timestamp":"2022-12-28T19:01:49.893Z"}
error: 
    status - 500 
    message - ValidationError: "first_name" is required 
    url - /api/v1/users 
    method - POST 
    IP - ::1
   {"timestamp":"2022-12-29T03:08:59.360Z"}
info: Server started at http://localhost:5000/api/v1/ {"timestamp":"2022-12-29T03:27:39.774Z"}
info: Connected to the database. {"timestamp":"2022-12-29T03:27:40.044Z"}
info: Server started at http://localhost:5000/api/v1/ {"timestamp":"2022-12-29T14:51:09.006Z"}
info: Connected to the database. {"timestamp":"2022-12-29T14:51:09.237Z"}
info: Server started at http://localhost:5000/api/v1/ {"timestamp":"2022-12-29T14:58:44.118Z"}
info: Connected to the database. {"timestamp":"2022-12-29T14:58:44.189Z"}
info: Connected to the database. {"timestamp":"2022-12-29T14:58:54.673Z"}
info: Server started at http://localhost:5000/api/v1/ {"timestamp":"2022-12-29T14:59:01.517Z"}
info: Connected to the database. {"timestamp":"2022-12-29T14:59:01.577Z"}
info: Connected to the database. {"timestamp":"2022-12-29T14:59:06.791Z"}
info: Server started at http://localhost:5000/api/v1/ {"timestamp":"2022-12-29T14:59:17.951Z"}
info: Connected to the database. {"timestamp":"2022-12-29T14:59:18.017Z"}
info: Server started at http://localhost:5000/api/v1/ {"timestamp":"2022-12-29T14:59:33.226Z"}
info: Connected to the database. {"timestamp":"2022-12-29T14:59:33.272Z"}
info: Server started at http://localhost:5000/api/v1/ {"timestamp":"2022-12-29T14:59:52.252Z"}
info: Connected to the database. {"timestamp":"2022-12-29T14:59:52.327Z"}
info: Server started at http://localhost:5000/api/v1/ {"timestamp":"2022-12-29T15:00:09.553Z"}
info: Connected to the database. {"timestamp":"2022-12-29T15:00:09.606Z"}
info: Connected to the database. {"timestamp":"2022-12-29T15:00:28.568Z"}
info: Server started at http://localhost:5000/api/v1/ {"timestamp":"2022-12-29T15:00:31.972Z"}
info: Connected to the database. {"timestamp":"2022-12-29T15:00:32.021Z"}
info: Server started at http://localhost:5000/api/v1/ {"timestamp":"2022-12-29T15:00:44.947Z"}
info: Connected to the database. {"timestamp":"2022-12-29T15:00:45.020Z"}
info: Server started at http://localhost:5000/api/v1/ {"timestamp":"2022-12-29T15:00:55.649Z"}
info: Connected to the database. {"timestamp":"2022-12-29T15:00:55.701Z"}
info: Server started at http://localhost:5000/api/v1/ {"timestamp":"2022-12-29T15:01:01.927Z"}
info: Connected to the database. {"timestamp":"2022-12-29T15:01:01.979Z"}
info: Connected to the database. {"timestamp":"2022-12-29T15:01:14.295Z"}
info: Connected to the database. {"timestamp":"2022-12-29T15:01:20.177Z"}
info: Server started at http://localhost:5000/api/v1/ {"timestamp":"2022-12-29T15:01:26.261Z"}
info: Connected to the database. {"timestamp":"2022-12-29T15:01:26.312Z"}
info: Connected to the database. {"timestamp":"2022-12-29T15:01:30.317Z"}
info: Server started at http://localhost:5000/api/v1/ {"timestamp":"2022-12-29T15:01:33.499Z"}
info: Connected to the database. {"timestamp":"2022-12-29T15:01:33.572Z"}
info: Connected to the database. {"timestamp":"2022-12-29T15:01:38.090Z"}
info: Connected to the database. {"timestamp":"2022-12-29T15:01:45.375Z"}
info: Connected to the database. {"timestamp":"2022-12-29T15:01:52.305Z"}
info: Server started at http://localhost:5000/api/v1/ {"timestamp":"2022-12-29T15:01:55.783Z"}
info: Connected to the database. {"timestamp":"2022-12-29T15:01:55.838Z"}
info: Server started at http://localhost:5000/api/v1/ {"timestamp":"2022-12-29T15:02:05.889Z"}
info: Connected to the database. {"timestamp":"2022-12-29T15:02:05.943Z"}
info: Server started at http://localhost:5000/api/v1/ {"timestamp":"2022-12-29T15:02:24.966Z"}
info: Connected to the database. {"timestamp":"2022-12-29T15:02:25.013Z"}
info: Server started at http://localhost:5000/api/v1/ {"timestamp":"2022-12-29T15:03:01.268Z"}
info: Connected to the database. {"timestamp":"2022-12-29T15:03:01.338Z"}
info: Connected to the database. {"timestamp":"2022-12-29T15:03:12.605Z"}
info: Server started at http://localhost:5000/api/v1/ {"timestamp":"2022-12-29T15:03:21.649Z"}
info: Connected to the database. {"timestamp":"2022-12-29T15:03:21.721Z"}
info: Server started at http://localhost:5000/api/v1/ {"timestamp":"2022-12-29T15:03:36.267Z"}
info: Connected to the database. {"timestamp":"2022-12-29T15:03:36.340Z"}
info: Server started at http://localhost:5000/api/v1/ {"timestamp":"2022-12-29T15:06:52.391Z"}
info: Connected to the database. {"timestamp":"2022-12-29T15:06:52.482Z"}
info: Server started at http://localhost:5000/api/v1/ {"timestamp":"2022-12-29T15:06:59.694Z"}
info: Connected to the database. {"timestamp":"2022-12-29T15:06:59.750Z"}
info: Server started at http://localhost:5000/api/v1/ {"timestamp":"2022-12-29T15:11:43.802Z"}
info: Connected to the database. {"timestamp":"2022-12-29T15:11:43.887Z"}
info: Server started at http://localhost:5000/api/v1/ {"timestamp":"2022-12-29T15:15:39.101Z"}
info: Connected to the database. {"timestamp":"2022-12-29T15:15:39.176Z"}
info: Server started at http://localhost:5000/api/v1/ {"timestamp":"2022-12-29T15:18:01.806Z"}
info: Connected to the database. {"timestamp":"2022-12-29T15:18:01.883Z"}
info: Server started at http://localhost:5000/api/v1/ {"timestamp":"2022-12-29T15:19:01.995Z"}
info: Connected to the database. {"timestamp":"2022-12-29T15:19:02.069Z"}
info: Server started at http://localhost:5000/api/v1/ {"timestamp":"2022-12-29T15:20:47.610Z"}
info: Connected to the database. {"timestamp":"2022-12-29T15:20:47.685Z"}
