info: Server started at http://localhost:5000/api/v1/ {"timestamp":"2022-12-24T04:05:50.799Z"}
info: Connected to the database. {"timestamp":"2022-12-24T04:05:51.139Z"}
info: Server started at http://localhost:5000/api/v1/ {"timestamp":"2022-12-24T04:10:43.542Z"}
info: Connected to the database. {"timestamp":"2022-12-24T04:10:43.630Z"}
info: Server started at http://localhost:5000/api/v1/ {"timestamp":"2022-12-24T04:10:50.445Z"}
info: Connected to the database. {"timestamp":"2022-12-24T04:10:50.573Z"}
info: Server started at http://localhost:5000/api/v1/ {"timestamp":"2022-12-24T04:10:54.228Z"}
info: Connected to the database. {"timestamp":"2022-12-24T04:10:54.306Z"}
info: Server started at http://localhost:5000/api/v1/ {"timestamp":"2022-12-24T04:33:53.007Z"}
info: Connected to the database. {"timestamp":"2022-12-24T04:33:53.394Z"}
info: Server started at http://localhost:5000/api/v1/ {"timestamp":"2022-12-24T04:34:23.405Z"}
info: Connected to the database. {"timestamp":"2022-12-24T04:34:23.497Z"}
info: Server started at http://localhost:5000/api/v1/ {"timestamp":"2022-12-24T04:34:32.648Z"}
info: Connected to the database. {"timestamp":"2022-12-24T04:34:32.742Z"}
info: Server started at http://localhost:5000/api/v1/ {"timestamp":"2022-12-24T04:34:39.526Z"}
info: Connected to the database. {"timestamp":"2022-12-24T04:34:39.676Z"}
info: Connected to the database. {"timestamp":"2022-12-24T04:34:43.059Z"}
info: Server started at http://localhost:5000/api/v1/ {"timestamp":"2022-12-24T04:34:54.897Z"}
info: Connected to the database. {"timestamp":"2022-12-24T04:34:55.039Z"}
info: Connected to the database. {"timestamp":"2022-12-24T04:34:58.832Z"}
info: Server started at http://localhost:5000/api/v1/ {"timestamp":"2022-12-24T04:35:12.264Z"}
info: Connected to the database. {"timestamp":"2022-12-24T04:35:12.373Z"}
info: Server started at http://localhost:5000/api/v1/ {"timestamp":"2022-12-24T04:36:13.007Z"}
info: Connected to the database. {"timestamp":"2022-12-24T04:36:13.204Z"}
error: 
    status - 500 
    message - Error: 
    at Query.run (D:\MySQLProject\EmployeePayroll_SP\node_modules\sequelize\src\dialects\mysql\query.js:46:25)
    at D:\MySQLProject\EmployeePayroll_SP\node_modules\sequelize\src\sequelize.js:649:28
    at processTicksAndRejections (node:internal/process/task_queues:95:5) 
    url - /api/v1/users/login 
    method - POST 
    IP - ::1
   {"timestamp":"2022-12-24T04:36:22.055Z"}
error: 
    status - 500 
    message - Error: 
    at Query.run (D:\MySQLProject\EmployeePayroll_SP\node_modules\sequelize\src\dialects\mysql\query.js:46:25)
    at D:\MySQLProject\EmployeePayroll_SP\node_modules\sequelize\src\sequelize.js:649:28
    at processTicksAndRejections (node:internal/process/task_queues:95:5) 
    url - /api/v1/users/login 
    method - POST 
    IP - ::1
   {"timestamp":"2022-12-24T04:38:43.230Z"}
error: 
    status - 500 
    message - Error: 
    at Query.run (D:\MySQLProject\EmployeePayroll_SP\node_modules\sequelize\src\dialects\mysql\query.js:46:25)
    at D:\MySQLProject\EmployeePayroll_SP\node_modules\sequelize\src\sequelize.js:649:28
    at processTicksAndRejections (node:internal/process/task_queues:95:5) 
    url - /api/v1/users/login 
    method - POST 
    IP - ::1
   {"timestamp":"2022-12-24T04:39:34.736Z"}
info: Server started at http://localhost:5000/api/v1/ {"timestamp":"2022-12-24T04:40:28.696Z"}
info: Connected to the database. {"timestamp":"2022-12-24T04:40:28.889Z"}
error: 
    status - 500 
    message - Error: 
    at Query.run (D:\MySQLProject\EmployeePayroll_SP\node_modules\sequelize\src\dialects\mysql\query.js:46:25)
    at D:\MySQLProject\EmployeePayroll_SP\node_modules\sequelize\src\sequelize.js:649:28
    at processTicksAndRejections (node:internal/process/task_queues:95:5) 
    url - /api/v1/users/login 
    method - POST 
    IP - ::1
   {"timestamp":"2022-12-24T04:40:31.903Z"}
error: 
    status - 500 
    message - Error: 
    at Query.run (D:\MySQLProject\EmployeePayroll_SP\node_modules\sequelize\src\dialects\mysql\query.js:46:25)
    at D:\MySQLProject\EmployeePayroll_SP\node_modules\sequelize\src\sequelize.js:649:28
    at processTicksAndRejections (node:internal/process/task_queues:95:5) 
    url - /api/v1/users/login 
    method - POST 
    IP - ::1
   {"timestamp":"2022-12-24T04:42:23.507Z"}
info: Server started at http://localhost:5000/api/v1/ {"timestamp":"2022-12-24T04:49:30.807Z"}
info: Connected to the database. {"timestamp":"2022-12-24T04:49:30.920Z"}
info: Server started at http://localhost:5000/api/v1/ {"timestamp":"2022-12-24T04:55:07.009Z"}
info: Connected to the database. {"timestamp":"2022-12-24T04:55:07.083Z"}
